<?xml version="1.0" encoding="UTF-8"?>
<!-- Generated by org.testng.reporters.JUnitReportReporter -->
<testsuite hostname="gourav" failures="0" tests="1" name="cucumberOptions.TestRunner" time="2.863" errors="0" timestamp="2023-03-25T17:42:42 IST" skipped="0">
  <testcase classname="cucumberOptions.TestRunner" name="runScenario" time="2.863"/>
  <system-out/>
</testsuite> <!-- cucumberOptions.TestRunner -->
